Arguments: 
  /snap/node/3292/bin/node /snap/node/3292/bin/yarn.js global dir --json

PATH: 
  /home/yuri/.zinit/polaris/sbin:/home/yuri/.zinit/polaris/bin:/home/yuri/.local/bin:/usr/local/sbin:/usr/local/bin:/usr/sbin:/usr/bin:/sbin:/bin:/usr/games:/usr/local/games:/snap/bin

Yarn version: 
  1.22.5

Node version: 
  12.19.0

Platform: 
  linux x64

Trace: 
  Error: EACCES: permission denied, write
      at writeSync (fs.js:679:3)
      at SyncWriteStream._write (internal/fs/sync_write_stream.js:24:3)
      at doWrite (_stream_writable.js:403:12)
      at writeOrBuffer (_stream_writable.js:387:5)
      at SyncWriteStream.Writable.write (_stream_writable.js:318:11)
      at JSONReporter._dump (/snap/node/3292/lib/cli.js:49772:12)
      at JSONReporter.log (/snap/node/3292/lib/cli.js:49800:10)
      at dir (/snap/node/3292/lib/cli.js:36256:14)
      at Object.<anonymous> (/snap/node/3292/lib/cli.js:25940:25)
      at Generator.next (<anonymous>)

npm manifest: 
  {
    "name": "OdontoothBackend",
    "version": "1.0.0",
    "description": "Backend application",
    "main": "index.js",
    "scripts": {
      "test": "echo \"Error: no test specified\" && exit 1",
      "start": "tsnd src/server.ts"
    },
    "repository": {
      "type": "git",
      "url": "git+https://github.com/Odontooth/OdontoothBackend.git"
    },
    "keywords": [],
    "author": "",
    "license": "ISC",
    "bugs": {
      "url": "https://github.com/Odontooth/OdontoothBackend/issues"
    },
    "homepage": "https://github.com/Odontooth/OdontoothBackend#readme",
    "devDependencies": {
      "ts-node-dev": "^1.0.0",
      "typescript": "^4.1.2"
    },
    "dependencies": {
      "@types/cors": "^2.8.8",
      "celebrate": "^13.0.4",
      "cors": "^2.8.5",
      "dotenv": "^8.2.0",
      "express": "^4.17.1",
      "jsonwebtoken": "^8.5.1",
      "mongoose": "^5.11.1"
    }
  }

yarn manifest: 
  No manifest

Lockfile: 
  No lockfile
